<?xml version="1.0" encoding="UTF-8"?>
<!-- Generated by org.testng.reporters.JUnitReportReporter -->
<testsuite hostname="LAPTOP-0UFRN6A4" failures="0" tests="2" name="kiranlearningacademy.Mavenjava.seleniumprac" time="0.010" errors="0" timestamp="2023-05-05T13:42:42 IST" skipped="0">
  <testcase classname="kiranlearningacademy.Mavenjava.seleniumprac" name="BrowserAutomation" time="0.009"/>
  <system-out/>
  <testcase classname="kiranlearningacademy.Mavenjava.seleniumprac" name="PageAutomation" time="0.001"/>
  <system-out/>
</testsuite> <!-- kiranlearningacademy.Mavenjava.seleniumprac -->
