<?xml version="1.0" encoding="UTF-8"?>
<!-- Generated by org.testng.reporters.JUnitReportReporter -->
<testsuite hostname="LAPTOP-0UFRN6A4" failures="0" tests="2" name="kiranlearningacademy.Mavenjava.seleniumprac2" time="0.003" errors="0" timestamp="2023-05-05T13:42:42 IST" skipped="0">
  <testcase classname="kiranlearningacademy.Mavenjava.seleniumprac2" name="BrowserAutomation" time="0.001"/>
  <system-out/>
  <testcase classname="kiranlearningacademy.Mavenjava.seleniumprac2" name="PageAutomation" time="0.002"/>
  <system-out/>
</testsuite> <!-- kiranlearningacademy.Mavenjava.seleniumprac2 -->
